[2023-03-29 19:13:13,875] INFO [django.utils.autoreload.run_with_reloader:598 autoreload] Watching for file changes with StatReloader
[2023-03-29 19:42:33,600] INFO [djangoblog.spider_notify.baidu_notify:16 spider_notify] {"remain":99997,"success":0,"not_same_site":["https://example.com/author/mew.html"]}
[2023-03-29 19:42:33,600] INFO [djangoblog.spider_notify.baidu_notify:16 spider_notify] {"remain":99997,"success":0,"not_same_site":["https://example.com/author/mew.html"]}
[2023-03-29 19:42:52,448] INFO [djangoblog.spider_notify.baidu_notify:16 spider_notify] {"remain":99997,"success":0,"not_same_site":["https://example.com/author/%E6%B5%8B%E8%AF%95%E7%94%A8%E6%88%B7.html"]}
[2023-03-29 19:42:52,448] INFO [djangoblog.spider_notify.baidu_notify:16 spider_notify] {"remain":99997,"success":0,"not_same_site":["https://example.com/author/%E6%B5%8B%E8%AF%95%E7%94%A8%E6%88%B7.html"]}
[2023-03-29 19:42:52,882] INFO [djangoblog.spider_notify.baidu_notify:16 spider_notify] {"remain":99997,"success":0,"not_same_site":["https://example.com/category/wo-shi-fu-lei-mu.html"]}
[2023-03-29 19:42:52,882] INFO [djangoblog.spider_notify.baidu_notify:16 spider_notify] {"remain":99997,"success":0,"not_same_site":["https://example.com/category/wo-shi-fu-lei-mu.html"]}
[2023-03-29 19:42:53,243] INFO [djangoblog.spider_notify.baidu_notify:16 spider_notify] {"remain":99997,"success":0,"not_same_site":["https://example.com/category/zi-lei-mu.html"]}
[2023-03-29 19:42:53,243] INFO [djangoblog.spider_notify.baidu_notify:16 spider_notify] {"remain":99997,"success":0,"not_same_site":["https://example.com/category/zi-lei-mu.html"]}
[2023-03-29 19:42:53,622] INFO [djangoblog.spider_notify.baidu_notify:16 spider_notify] {"remain":99997,"success":0,"not_same_site":["https://example.com/category/zi-lei-mu.html"]}
[2023-03-29 19:42:53,622] INFO [djangoblog.spider_notify.baidu_notify:16 spider_notify] {"remain":99997,"success":0,"not_same_site":["https://example.com/category/zi-lei-mu.html"]}
[2023-03-29 19:42:54,037] INFO [djangoblog.spider_notify.baidu_notify:16 spider_notify] {"remain":99997,"success":0,"not_same_site":["https://example.com/tag/biao-qian.html"]}
[2023-03-29 19:42:54,037] INFO [djangoblog.spider_notify.baidu_notify:16 spider_notify] {"remain":99997,"success":0,"not_same_site":["https://example.com/tag/biao-qian.html"]}
[2023-03-29 19:42:55,065] INFO [djangoblog.spider_notify.baidu_notify:16 spider_notify] {"remain":99997,"success":0,"not_same_site":["https://example.com/article/2023/3/29/1.html"]}
[2023-03-29 19:42:55,065] INFO [djangoblog.spider_notify.baidu_notify:16 spider_notify] {"remain":99997,"success":0,"not_same_site":["https://example.com/article/2023/3/29/1.html"]}
[2023-03-29 19:42:55,483] INFO [djangoblog.spider_notify.baidu_notify:16 spider_notify] {"remain":99997,"success":0,"not_same_site":["https://example.com/tag/biao-qian-1.html"]}
[2023-03-29 19:42:55,483] INFO [djangoblog.spider_notify.baidu_notify:16 spider_notify] {"remain":99997,"success":0,"not_same_site":["https://example.com/tag/biao-qian-1.html"]}
[2023-03-29 19:42:55,835] INFO [djangoblog.spider_notify.baidu_notify:16 spider_notify] {"remain":99997,"success":0,"not_same_site":["https://example.com/article/2023/3/29/1.html"]}
[2023-03-29 19:42:55,835] INFO [djangoblog.spider_notify.baidu_notify:16 spider_notify] {"remain":99997,"success":0,"not_same_site":["https://example.com/article/2023/3/29/1.html"]}
[2023-03-29 19:42:56,253] INFO [djangoblog.spider_notify.baidu_notify:16 spider_notify] {"remain":99997,"success":0,"not_same_site":["https://example.com/article/2023/3/29/2.html"]}
[2023-03-29 19:42:56,253] INFO [djangoblog.spider_notify.baidu_notify:16 spider_notify] {"remain":99997,"success":0,"not_same_site":["https://example.com/article/2023/3/29/2.html"]}
[2023-03-29 19:42:56,636] INFO [djangoblog.spider_notify.baidu_notify:16 spider_notify] {"remain":99997,"success":0,"not_same_site":["https://example.com/tag/biao-qian-2.html"]}
[2023-03-29 19:42:56,636] INFO [djangoblog.spider_notify.baidu_notify:16 spider_notify] {"remain":99997,"success":0,"not_same_site":["https://example.com/tag/biao-qian-2.html"]}
[2023-03-29 19:42:57,052] INFO [djangoblog.spider_notify.baidu_notify:16 spider_notify] {"remain":99997,"success":0,"not_same_site":["https://example.com/article/2023/3/29/2.html"]}
[2023-03-29 19:42:57,052] INFO [djangoblog.spider_notify.baidu_notify:16 spider_notify] {"remain":99997,"success":0,"not_same_site":["https://example.com/article/2023/3/29/2.html"]}
[2023-03-29 19:42:57,459] INFO [djangoblog.spider_notify.baidu_notify:16 spider_notify] {"remain":99997,"success":0,"not_same_site":["https://example.com/article/2023/3/29/3.html"]}
[2023-03-29 19:42:57,459] INFO [djangoblog.spider_notify.baidu_notify:16 spider_notify] {"remain":99997,"success":0,"not_same_site":["https://example.com/article/2023/3/29/3.html"]}
[2023-03-29 19:42:57,889] INFO [djangoblog.spider_notify.baidu_notify:16 spider_notify] {"remain":99997,"success":0,"not_same_site":["https://example.com/tag/biao-qian-3.html"]}
[2023-03-29 19:42:57,889] INFO [djangoblog.spider_notify.baidu_notify:16 spider_notify] {"remain":99997,"success":0,"not_same_site":["https://example.com/tag/biao-qian-3.html"]}
[2023-03-29 19:42:58,318] INFO [djangoblog.spider_notify.baidu_notify:16 spider_notify] {"remain":99997,"success":0,"not_same_site":["https://example.com/article/2023/3/29/3.html"]}
[2023-03-29 19:42:58,318] INFO [djangoblog.spider_notify.baidu_notify:16 spider_notify] {"remain":99997,"success":0,"not_same_site":["https://example.com/article/2023/3/29/3.html"]}
[2023-03-29 19:42:58,746] INFO [djangoblog.spider_notify.baidu_notify:16 spider_notify] {"remain":99997,"success":0,"not_same_site":["https://example.com/article/2023/3/29/4.html"]}
[2023-03-29 19:42:58,746] INFO [djangoblog.spider_notify.baidu_notify:16 spider_notify] {"remain":99997,"success":0,"not_same_site":["https://example.com/article/2023/3/29/4.html"]}
[2023-03-29 19:42:58,974] INFO [djangoblog.spider_notify.baidu_notify:16 spider_notify] {"remain":99997,"success":0,"not_same_site":["https://example.com/tag/biao-qian-4.html"]}
[2023-03-29 19:42:58,974] INFO [djangoblog.spider_notify.baidu_notify:16 spider_notify] {"remain":99997,"success":0,"not_same_site":["https://example.com/tag/biao-qian-4.html"]}
[2023-03-29 19:42:59,371] INFO [djangoblog.spider_notify.baidu_notify:16 spider_notify] {"remain":99997,"success":0,"not_same_site":["https://example.com/article/2023/3/29/4.html"]}
[2023-03-29 19:42:59,371] INFO [djangoblog.spider_notify.baidu_notify:16 spider_notify] {"remain":99997,"success":0,"not_same_site":["https://example.com/article/2023/3/29/4.html"]}
[2023-03-29 19:42:59,789] INFO [djangoblog.spider_notify.baidu_notify:16 spider_notify] {"remain":99997,"success":0,"not_same_site":["https://example.com/article/2023/3/29/5.html"]}
[2023-03-29 19:42:59,789] INFO [djangoblog.spider_notify.baidu_notify:16 spider_notify] {"remain":99997,"success":0,"not_same_site":["https://example.com/article/2023/3/29/5.html"]}
[2023-03-29 19:43:00,110] INFO [djangoblog.spider_notify.baidu_notify:16 spider_notify] {"remain":99997,"success":0,"not_same_site":["https://example.com/tag/biao-qian-5.html"]}
[2023-03-29 19:43:00,110] INFO [djangoblog.spider_notify.baidu_notify:16 spider_notify] {"remain":99997,"success":0,"not_same_site":["https://example.com/tag/biao-qian-5.html"]}
[2023-03-29 19:43:00,582] INFO [djangoblog.spider_notify.baidu_notify:16 spider_notify] {"remain":99997,"success":0,"not_same_site":["https://example.com/article/2023/3/29/5.html"]}
[2023-03-29 19:43:00,582] INFO [djangoblog.spider_notify.baidu_notify:16 spider_notify] {"remain":99997,"success":0,"not_same_site":["https://example.com/article/2023/3/29/5.html"]}
[2023-03-29 19:43:01,085] INFO [djangoblog.spider_notify.baidu_notify:16 spider_notify] {"remain":99997,"success":0,"not_same_site":["https://example.com/article/2023/3/29/6.html"]}
[2023-03-29 19:43:01,085] INFO [djangoblog.spider_notify.baidu_notify:16 spider_notify] {"remain":99997,"success":0,"not_same_site":["https://example.com/article/2023/3/29/6.html"]}
[2023-03-29 19:43:01,516] INFO [djangoblog.spider_notify.baidu_notify:16 spider_notify] {"remain":99997,"success":0,"not_same_site":["https://example.com/tag/biao-qian-6.html"]}
[2023-03-29 19:43:01,516] INFO [djangoblog.spider_notify.baidu_notify:16 spider_notify] {"remain":99997,"success":0,"not_same_site":["https://example.com/tag/biao-qian-6.html"]}
[2023-03-29 19:43:01,895] INFO [djangoblog.spider_notify.baidu_notify:16 spider_notify] {"remain":99997,"success":0,"not_same_site":["https://example.com/article/2023/3/29/6.html"]}
[2023-03-29 19:43:01,895] INFO [djangoblog.spider_notify.baidu_notify:16 spider_notify] {"remain":99997,"success":0,"not_same_site":["https://example.com/article/2023/3/29/6.html"]}
[2023-03-29 19:43:02,292] INFO [djangoblog.spider_notify.baidu_notify:16 spider_notify] {"remain":99997,"success":0,"not_same_site":["https://example.com/article/2023/3/29/7.html"]}
[2023-03-29 19:43:02,292] INFO [djangoblog.spider_notify.baidu_notify:16 spider_notify] {"remain":99997,"success":0,"not_same_site":["https://example.com/article/2023/3/29/7.html"]}
[2023-03-29 19:43:02,708] INFO [djangoblog.spider_notify.baidu_notify:16 spider_notify] {"remain":99997,"success":0,"not_same_site":["https://example.com/tag/biao-qian-7.html"]}
[2023-03-29 19:43:02,708] INFO [djangoblog.spider_notify.baidu_notify:16 spider_notify] {"remain":99997,"success":0,"not_same_site":["https://example.com/tag/biao-qian-7.html"]}
[2023-03-29 19:43:03,141] INFO [djangoblog.spider_notify.baidu_notify:16 spider_notify] {"remain":99997,"success":0,"not_same_site":["https://example.com/article/2023/3/29/7.html"]}
[2023-03-29 19:43:03,141] INFO [djangoblog.spider_notify.baidu_notify:16 spider_notify] {"remain":99997,"success":0,"not_same_site":["https://example.com/article/2023/3/29/7.html"]}
[2023-03-29 19:43:03,542] INFO [djangoblog.spider_notify.baidu_notify:16 spider_notify] {"remain":99997,"success":0,"not_same_site":["https://example.com/article/2023/3/29/8.html"]}
[2023-03-29 19:43:03,542] INFO [djangoblog.spider_notify.baidu_notify:16 spider_notify] {"remain":99997,"success":0,"not_same_site":["https://example.com/article/2023/3/29/8.html"]}
[2023-03-29 19:43:03,976] INFO [djangoblog.spider_notify.baidu_notify:16 spider_notify] {"remain":99997,"success":0,"not_same_site":["https://example.com/tag/biao-qian-8.html"]}
[2023-03-29 19:43:03,976] INFO [djangoblog.spider_notify.baidu_notify:16 spider_notify] {"remain":99997,"success":0,"not_same_site":["https://example.com/tag/biao-qian-8.html"]}
[2023-03-29 19:43:04,418] INFO [djangoblog.spider_notify.baidu_notify:16 spider_notify] {"remain":99997,"success":0,"not_same_site":["https://example.com/article/2023/3/29/8.html"]}
[2023-03-29 19:43:04,418] INFO [djangoblog.spider_notify.baidu_notify:16 spider_notify] {"remain":99997,"success":0,"not_same_site":["https://example.com/article/2023/3/29/8.html"]}
[2023-03-29 19:43:04,874] INFO [djangoblog.spider_notify.baidu_notify:16 spider_notify] {"remain":99997,"success":0,"not_same_site":["https://example.com/article/2023/3/29/9.html"]}
[2023-03-29 19:43:04,874] INFO [djangoblog.spider_notify.baidu_notify:16 spider_notify] {"remain":99997,"success":0,"not_same_site":["https://example.com/article/2023/3/29/9.html"]}
[2023-03-29 19:43:05,259] INFO [djangoblog.spider_notify.baidu_notify:16 spider_notify] {"remain":99997,"success":0,"not_same_site":["https://example.com/tag/biao-qian-9.html"]}
[2023-03-29 19:43:05,259] INFO [djangoblog.spider_notify.baidu_notify:16 spider_notify] {"remain":99997,"success":0,"not_same_site":["https://example.com/tag/biao-qian-9.html"]}
[2023-03-29 19:43:05,666] INFO [djangoblog.spider_notify.baidu_notify:16 spider_notify] {"remain":99997,"success":0,"not_same_site":["https://example.com/article/2023/3/29/9.html"]}
[2023-03-29 19:43:05,666] INFO [djangoblog.spider_notify.baidu_notify:16 spider_notify] {"remain":99997,"success":0,"not_same_site":["https://example.com/article/2023/3/29/9.html"]}
[2023-03-29 19:43:06,098] INFO [djangoblog.spider_notify.baidu_notify:16 spider_notify] {"remain":99997,"success":0,"not_same_site":["https://example.com/article/2023/3/29/10.html"]}
[2023-03-29 19:43:06,098] INFO [djangoblog.spider_notify.baidu_notify:16 spider_notify] {"remain":99997,"success":0,"not_same_site":["https://example.com/article/2023/3/29/10.html"]}
[2023-03-29 19:43:06,502] INFO [djangoblog.spider_notify.baidu_notify:16 spider_notify] {"remain":99997,"success":0,"not_same_site":["https://example.com/tag/biao-qian-10.html"]}
[2023-03-29 19:43:06,502] INFO [djangoblog.spider_notify.baidu_notify:16 spider_notify] {"remain":99997,"success":0,"not_same_site":["https://example.com/tag/biao-qian-10.html"]}
[2023-03-29 19:43:06,733] INFO [djangoblog.spider_notify.baidu_notify:16 spider_notify] {"remain":99997,"success":0,"not_same_site":["https://example.com/article/2023/3/29/10.html"]}
[2023-03-29 19:43:06,733] INFO [djangoblog.spider_notify.baidu_notify:16 spider_notify] {"remain":99997,"success":0,"not_same_site":["https://example.com/article/2023/3/29/10.html"]}
[2023-03-29 19:43:06,971] INFO [djangoblog.spider_notify.baidu_notify:16 spider_notify] {"remain":99997,"success":0,"not_same_site":["https://example.com/article/2023/3/29/11.html"]}
[2023-03-29 19:43:06,971] INFO [djangoblog.spider_notify.baidu_notify:16 spider_notify] {"remain":99997,"success":0,"not_same_site":["https://example.com/article/2023/3/29/11.html"]}
[2023-03-29 19:43:07,159] INFO [djangoblog.spider_notify.baidu_notify:16 spider_notify] {"remain":99997,"success":0,"not_same_site":["https://example.com/tag/biao-qian-11.html"]}
[2023-03-29 19:43:07,159] INFO [djangoblog.spider_notify.baidu_notify:16 spider_notify] {"remain":99997,"success":0,"not_same_site":["https://example.com/tag/biao-qian-11.html"]}
[2023-03-29 19:43:07,614] INFO [djangoblog.spider_notify.baidu_notify:16 spider_notify] {"remain":99997,"success":0,"not_same_site":["https://example.com/article/2023/3/29/11.html"]}
[2023-03-29 19:43:07,614] INFO [djangoblog.spider_notify.baidu_notify:16 spider_notify] {"remain":99997,"success":0,"not_same_site":["https://example.com/article/2023/3/29/11.html"]}
[2023-03-29 19:43:08,025] INFO [djangoblog.spider_notify.baidu_notify:16 spider_notify] {"remain":99997,"success":0,"not_same_site":["https://example.com/article/2023/3/29/12.html"]}
[2023-03-29 19:43:08,025] INFO [djangoblog.spider_notify.baidu_notify:16 spider_notify] {"remain":99997,"success":0,"not_same_site":["https://example.com/article/2023/3/29/12.html"]}
[2023-03-29 19:43:08,413] INFO [djangoblog.spider_notify.baidu_notify:16 spider_notify] {"remain":99997,"success":0,"not_same_site":["https://example.com/tag/biao-qian-12.html"]}
[2023-03-29 19:43:08,413] INFO [djangoblog.spider_notify.baidu_notify:16 spider_notify] {"remain":99997,"success":0,"not_same_site":["https://example.com/tag/biao-qian-12.html"]}
[2023-03-29 19:43:08,696] INFO [djangoblog.spider_notify.baidu_notify:16 spider_notify] {"remain":99997,"success":0,"not_same_site":["https://example.com/article/2023/3/29/12.html"]}
[2023-03-29 19:43:08,696] INFO [djangoblog.spider_notify.baidu_notify:16 spider_notify] {"remain":99997,"success":0,"not_same_site":["https://example.com/article/2023/3/29/12.html"]}
[2023-03-29 19:43:09,138] INFO [djangoblog.spider_notify.baidu_notify:16 spider_notify] {"remain":99997,"success":0,"not_same_site":["https://example.com/article/2023/3/29/13.html"]}
[2023-03-29 19:43:09,138] INFO [djangoblog.spider_notify.baidu_notify:16 spider_notify] {"remain":99997,"success":0,"not_same_site":["https://example.com/article/2023/3/29/13.html"]}
[2023-03-29 19:43:09,587] INFO [djangoblog.spider_notify.baidu_notify:16 spider_notify] {"remain":99997,"success":0,"not_same_site":["https://example.com/tag/biao-qian-13.html"]}
[2023-03-29 19:43:09,587] INFO [djangoblog.spider_notify.baidu_notify:16 spider_notify] {"remain":99997,"success":0,"not_same_site":["https://example.com/tag/biao-qian-13.html"]}
[2023-03-29 19:43:10,076] INFO [djangoblog.spider_notify.baidu_notify:16 spider_notify] {"remain":99997,"success":0,"not_same_site":["https://example.com/article/2023/3/29/13.html"]}
[2023-03-29 19:43:10,076] INFO [djangoblog.spider_notify.baidu_notify:16 spider_notify] {"remain":99997,"success":0,"not_same_site":["https://example.com/article/2023/3/29/13.html"]}
[2023-03-29 19:43:10,495] INFO [djangoblog.spider_notify.baidu_notify:16 spider_notify] {"remain":99997,"success":0,"not_same_site":["https://example.com/article/2023/3/29/14.html"]}
[2023-03-29 19:43:10,495] INFO [djangoblog.spider_notify.baidu_notify:16 spider_notify] {"remain":99997,"success":0,"not_same_site":["https://example.com/article/2023/3/29/14.html"]}
[2023-03-29 19:43:10,885] INFO [djangoblog.spider_notify.baidu_notify:16 spider_notify] {"remain":99997,"success":0,"not_same_site":["https://example.com/tag/biao-qian-14.html"]}
[2023-03-29 19:43:10,885] INFO [djangoblog.spider_notify.baidu_notify:16 spider_notify] {"remain":99997,"success":0,"not_same_site":["https://example.com/tag/biao-qian-14.html"]}
[2023-03-29 19:43:11,343] INFO [djangoblog.spider_notify.baidu_notify:16 spider_notify] {"remain":99997,"success":0,"not_same_site":["https://example.com/article/2023/3/29/14.html"]}
[2023-03-29 19:43:11,343] INFO [djangoblog.spider_notify.baidu_notify:16 spider_notify] {"remain":99997,"success":0,"not_same_site":["https://example.com/article/2023/3/29/14.html"]}
[2023-03-29 19:43:11,572] INFO [djangoblog.spider_notify.baidu_notify:16 spider_notify] {"remain":99997,"success":0,"not_same_site":["https://example.com/article/2023/3/29/15.html"]}
[2023-03-29 19:43:11,572] INFO [djangoblog.spider_notify.baidu_notify:16 spider_notify] {"remain":99997,"success":0,"not_same_site":["https://example.com/article/2023/3/29/15.html"]}
[2023-03-29 19:43:11,821] INFO [djangoblog.spider_notify.baidu_notify:16 spider_notify] {"remain":99997,"success":0,"not_same_site":["https://example.com/tag/biao-qian-15.html"]}
[2023-03-29 19:43:11,821] INFO [djangoblog.spider_notify.baidu_notify:16 spider_notify] {"remain":99997,"success":0,"not_same_site":["https://example.com/tag/biao-qian-15.html"]}
[2023-03-29 19:43:12,114] INFO [djangoblog.spider_notify.baidu_notify:16 spider_notify] {"remain":99997,"success":0,"not_same_site":["https://example.com/article/2023/3/29/15.html"]}
[2023-03-29 19:43:12,114] INFO [djangoblog.spider_notify.baidu_notify:16 spider_notify] {"remain":99997,"success":0,"not_same_site":["https://example.com/article/2023/3/29/15.html"]}
[2023-03-29 19:43:12,612] INFO [djangoblog.spider_notify.baidu_notify:16 spider_notify] {"remain":99997,"success":0,"not_same_site":["https://example.com/article/2023/3/29/16.html"]}
[2023-03-29 19:43:12,612] INFO [djangoblog.spider_notify.baidu_notify:16 spider_notify] {"remain":99997,"success":0,"not_same_site":["https://example.com/article/2023/3/29/16.html"]}
[2023-03-29 19:43:13,005] INFO [djangoblog.spider_notify.baidu_notify:16 spider_notify] {"remain":99997,"success":0,"not_same_site":["https://example.com/tag/biao-qian-16.html"]}
[2023-03-29 19:43:13,005] INFO [djangoblog.spider_notify.baidu_notify:16 spider_notify] {"remain":99997,"success":0,"not_same_site":["https://example.com/tag/biao-qian-16.html"]}
[2023-03-29 19:43:13,358] INFO [djangoblog.spider_notify.baidu_notify:16 spider_notify] {"remain":99997,"success":0,"not_same_site":["https://example.com/article/2023/3/29/16.html"]}
[2023-03-29 19:43:13,358] INFO [djangoblog.spider_notify.baidu_notify:16 spider_notify] {"remain":99997,"success":0,"not_same_site":["https://example.com/article/2023/3/29/16.html"]}
[2023-03-29 19:43:13,828] INFO [djangoblog.spider_notify.baidu_notify:16 spider_notify] {"remain":99997,"success":0,"not_same_site":["https://example.com/article/2023/3/29/17.html"]}
[2023-03-29 19:43:13,828] INFO [djangoblog.spider_notify.baidu_notify:16 spider_notify] {"remain":99997,"success":0,"not_same_site":["https://example.com/article/2023/3/29/17.html"]}
[2023-03-29 19:43:14,271] INFO [djangoblog.spider_notify.baidu_notify:16 spider_notify] {"remain":99997,"success":0,"not_same_site":["https://example.com/tag/biao-qian-17.html"]}
[2023-03-29 19:43:14,271] INFO [djangoblog.spider_notify.baidu_notify:16 spider_notify] {"remain":99997,"success":0,"not_same_site":["https://example.com/tag/biao-qian-17.html"]}
[2023-03-29 19:43:14,544] INFO [djangoblog.spider_notify.baidu_notify:16 spider_notify] {"remain":99997,"success":0,"not_same_site":["https://example.com/article/2023/3/29/17.html"]}
[2023-03-29 19:43:14,544] INFO [djangoblog.spider_notify.baidu_notify:16 spider_notify] {"remain":99997,"success":0,"not_same_site":["https://example.com/article/2023/3/29/17.html"]}
[2023-03-29 19:43:15,011] INFO [djangoblog.spider_notify.baidu_notify:16 spider_notify] {"remain":99997,"success":0,"not_same_site":["https://example.com/article/2023/3/29/18.html"]}
[2023-03-29 19:43:15,011] INFO [djangoblog.spider_notify.baidu_notify:16 spider_notify] {"remain":99997,"success":0,"not_same_site":["https://example.com/article/2023/3/29/18.html"]}
[2023-03-29 19:43:15,415] INFO [djangoblog.spider_notify.baidu_notify:16 spider_notify] {"remain":99997,"success":0,"not_same_site":["https://example.com/tag/biao-qian-18.html"]}
[2023-03-29 19:43:15,415] INFO [djangoblog.spider_notify.baidu_notify:16 spider_notify] {"remain":99997,"success":0,"not_same_site":["https://example.com/tag/biao-qian-18.html"]}
[2023-03-29 19:43:15,833] INFO [djangoblog.spider_notify.baidu_notify:16 spider_notify] {"remain":99997,"success":0,"not_same_site":["https://example.com/article/2023/3/29/18.html"]}
[2023-03-29 19:43:15,833] INFO [djangoblog.spider_notify.baidu_notify:16 spider_notify] {"remain":99997,"success":0,"not_same_site":["https://example.com/article/2023/3/29/18.html"]}
[2023-03-29 19:43:16,167] INFO [djangoblog.spider_notify.baidu_notify:16 spider_notify] {"remain":99997,"success":0,"not_same_site":["https://example.com/article/2023/3/29/19.html"]}
[2023-03-29 19:43:16,167] INFO [djangoblog.spider_notify.baidu_notify:16 spider_notify] {"remain":99997,"success":0,"not_same_site":["https://example.com/article/2023/3/29/19.html"]}
[2023-03-29 19:43:16,495] INFO [djangoblog.spider_notify.baidu_notify:16 spider_notify] {"remain":99997,"success":0,"not_same_site":["https://example.com/tag/biao-qian-19.html"]}
[2023-03-29 19:43:16,495] INFO [djangoblog.spider_notify.baidu_notify:16 spider_notify] {"remain":99997,"success":0,"not_same_site":["https://example.com/tag/biao-qian-19.html"]}
[2023-03-29 19:43:16,908] INFO [djangoblog.spider_notify.baidu_notify:16 spider_notify] {"remain":99997,"success":0,"not_same_site":["https://example.com/article/2023/3/29/19.html"]}
[2023-03-29 19:43:16,908] INFO [djangoblog.spider_notify.baidu_notify:16 spider_notify] {"remain":99997,"success":0,"not_same_site":["https://example.com/article/2023/3/29/19.html"]}
[2023-03-29 19:44:12,510] INFO [django.utils.autoreload.run_with_reloader:677 autoreload] Watching for file changes with StatReloader
[2023-03-29 19:44:32,088] INFO [blog.views.get_queryset_from_cache:72 views] set view cache.key:index_1
[2023-03-29 19:44:32,096] INFO [blog.context_processors.seo_processor:17 context_processors] set processor cache.
[2023-03-29 19:44:32,104] INFO [djangoblog.utils.get_blog_setting:169 utils] set cache get_blog_setting
[2023-03-29 19:44:32,104] INFO [djangoblog.utils.get_blog_setting:169 utils] set cache get_blog_setting
[2023-03-29 19:44:32,236] INFO [blog.templatetags.blog_tags.load_sidebar:132 blog_tags] load sidebar
[2023-03-29 19:45:08,115] INFO [djangoblog.spider_notify.baidu_notify:16 spider_notify] {"remain":99997,"success":0,"not_same_site":["https://example.com/author/mew.html"]}
[2023-03-29 19:45:08,115] INFO [djangoblog.spider_notify.baidu_notify:16 spider_notify] {"remain":99997,"success":0,"not_same_site":["https://example.com/author/mew.html"]}
[2023-03-29 19:45:08,116] INFO [djangoblog.blog_signals.user_auth_callback:120 blog_signals] badamon@163.com
[2023-03-29 19:45:08,116] INFO [djangoblog.blog_signals.user_auth_callback:120 blog_signals] badamon@163.com
[2023-03-29 19:45:08,116] INFO [djangoblog.utils.delete_sidebar_cache:206 utils] delete sidebar key:sidebari
[2023-03-29 19:45:08,116] INFO [djangoblog.utils.delete_sidebar_cache:206 utils] delete sidebar key:sidebari
[2023-03-29 19:45:08,116] INFO [djangoblog.utils.delete_sidebar_cache:206 utils] delete sidebar key:sidebarl
[2023-03-29 19:45:08,116] INFO [djangoblog.utils.delete_sidebar_cache:206 utils] delete sidebar key:sidebarl
[2023-03-29 19:45:08,117] INFO [djangoblog.utils.delete_sidebar_cache:206 utils] delete sidebar key:sidebarp
[2023-03-29 19:45:08,117] INFO [djangoblog.utils.delete_sidebar_cache:206 utils] delete sidebar key:sidebarp
[2023-03-29 19:45:08,117] INFO [djangoblog.utils.delete_sidebar_cache:206 utils] delete sidebar key:sidebara
[2023-03-29 19:45:08,117] INFO [djangoblog.utils.delete_sidebar_cache:206 utils] delete sidebar key:sidebara
[2023-03-29 19:45:08,117] INFO [djangoblog.utils.delete_sidebar_cache:206 utils] delete sidebar key:sidebars
[2023-03-29 19:45:08,117] INFO [djangoblog.utils.delete_sidebar_cache:206 utils] delete sidebar key:sidebars
[2023-03-29 19:45:08,173] INFO [blog.context_processors.seo_processor:17 context_processors] set processor cache.
[2023-03-29 19:45:08,177] INFO [djangoblog.utils.get_blog_setting:169 utils] set cache get_blog_setting
[2023-03-29 19:45:08,177] INFO [djangoblog.utils.get_blog_setting:169 utils] set cache get_blog_setting
[2023-03-29 19:46:42,102] INFO [blog.views.get_queryset_from_cache:72 views] set view cache.key:index_1
[2023-03-29 19:46:42,279] INFO [blog.templatetags.blog_tags.load_sidebar:132 blog_tags] load sidebar
[2023-03-29 19:47:42,462] INFO [django.utils.autoreload.trigger_reload:266 autoreload] /Users/yanzeteng/Desktop/blog/myblog/DjangoBlog/djangoblog/settings.py changed, reloading.
[2023-03-29 19:47:43,044] INFO [django.utils.autoreload.run_with_reloader:677 autoreload] Watching for file changes with StatReloader
[2023-03-29 19:47:44,218] INFO [blog.views.get_queryset_from_cache:72 views] set view cache.key:index_1
[2023-03-29 19:47:44,229] INFO [blog.context_processors.seo_processor:17 context_processors] set processor cache.
[2023-03-29 19:47:44,234] INFO [djangoblog.utils.get_blog_setting:169 utils] set cache get_blog_setting
[2023-03-29 19:47:44,234] INFO [djangoblog.utils.get_blog_setting:169 utils] set cache get_blog_setting
[2023-03-29 19:47:44,419] INFO [blog.templatetags.blog_tags.load_sidebar:132 blog_tags] load sidebar
[2023-03-29 19:47:44,444] INFO [blog.templatetags.blog_tags.load_sidebar:176 blog_tags] set sidebar cache.key:sidebari
[2023-03-29 19:48:27,865] INFO [blog.views.get_queryset_from_cache:72 views] set view cache.key:index_2
[2023-03-29 19:48:31,024] INFO [blog.views.get_queryset_from_cache:67 views] get view cache.key:index_1
[2023-03-29 19:48:33,207] INFO [blog.models.comment_list:150 models] set article comments:19
[2023-03-29 19:48:33,270] INFO [blog.templatetags.blog_tags.load_sidebar:132 blog_tags] load sidebar
[2023-03-29 19:48:33,287] INFO [blog.templatetags.blog_tags.load_sidebar:176 blog_tags] set sidebar cache.key:sidebarp
[2023-03-29 19:48:39,048] INFO [djangoblog.utils.delete_sidebar_cache:206 utils] delete sidebar key:sidebari
[2023-03-29 19:48:39,048] INFO [djangoblog.utils.delete_sidebar_cache:206 utils] delete sidebar key:sidebari
[2023-03-29 19:48:39,049] INFO [djangoblog.utils.delete_sidebar_cache:206 utils] delete sidebar key:sidebarl
[2023-03-29 19:48:39,049] INFO [djangoblog.utils.delete_sidebar_cache:206 utils] delete sidebar key:sidebarl
[2023-03-29 19:48:39,049] INFO [djangoblog.utils.delete_sidebar_cache:206 utils] delete sidebar key:sidebarp
[2023-03-29 19:48:39,049] INFO [djangoblog.utils.delete_sidebar_cache:206 utils] delete sidebar key:sidebarp
[2023-03-29 19:48:39,049] INFO [djangoblog.utils.delete_sidebar_cache:206 utils] delete sidebar key:sidebara
[2023-03-29 19:48:39,049] INFO [djangoblog.utils.delete_sidebar_cache:206 utils] delete sidebar key:sidebara
[2023-03-29 19:48:39,049] INFO [djangoblog.utils.delete_sidebar_cache:206 utils] delete sidebar key:sidebars
[2023-03-29 19:48:39,049] INFO [djangoblog.utils.delete_sidebar_cache:206 utils] delete sidebar key:sidebars
[2023-03-29 19:48:39,087] INFO [blog.models.comment_list:150 models] set article comments:19
[2023-03-29 19:48:39,089] INFO [blog.context_processors.seo_processor:17 context_processors] set processor cache.
[2023-03-29 19:48:39,127] INFO [blog.templatetags.blog_tags.gravatar_url:304 blog_tags] set gravatar cache.key:gravatat/badamon@163.com
[2023-03-29 19:48:39,137] INFO [blog.templatetags.blog_tags.load_sidebar:132 blog_tags] load sidebar
[2023-03-29 19:48:39,151] INFO [blog.templatetags.blog_tags.load_sidebar:176 blog_tags] set sidebar cache.key:sidebarp
[2023-03-29 19:48:39,620] ERROR [djangoblog.blog_signals.send_email_signal_handler:49 blog_signals] 失败邮箱号: ['badamon@163.com'], (500, b'Error: bad syntax', 'None')
[2023-03-29 19:48:39,620] ERROR [djangoblog.blog_signals.send_email_signal_handler:49 blog_signals] 失败邮箱号: ['badamon@163.com'], (500, b'Error: bad syntax', 'None')
[2023-03-29 19:48:47,523] INFO [blog.views.get_queryset_from_cache:67 views] get view cache.key:index_1
[2023-03-29 19:48:47,609] INFO [blog.templatetags.blog_tags.load_sidebar:132 blog_tags] load sidebar
[2023-03-29 19:48:47,624] INFO [blog.templatetags.blog_tags.load_sidebar:176 blog_tags] set sidebar cache.key:sidebari
[2023-03-29 19:48:48,676] INFO [blog.views.get_queryset_from_cache:72 views] set view cache.key:category_list_我是父类目_1
[2023-03-29 19:48:48,748] INFO [blog.templatetags.blog_tags.load_sidebar:132 blog_tags] load sidebar
[2023-03-29 19:48:48,763] INFO [blog.templatetags.blog_tags.load_sidebar:176 blog_tags] set sidebar cache.key:sidebarl
[2023-03-29 19:48:49,631] INFO [blog.views.get_queryset_from_cache:72 views] set view cache.key:archives
[2023-03-29 19:48:54,658] INFO [blog.views.get_queryset_from_cache:67 views] get view cache.key:index_1
[2023-03-29 19:49:25,740] INFO [blog.views.get_queryset_from_cache:72 views] set view cache.key:author_ce-shi-yong-hu_1
[2023-03-29 19:51:04,990] INFO [blog.views.get_queryset_from_cache:67 views] get view cache.key:index_1
[2023-03-29 19:51:13,014] INFO [blog.views.get_queryset_from_cache:67 views] get view cache.key:index_1
[2023-03-29 19:51:16,077] INFO [blog.models.comment_list:145 models] get article comments:19
[2023-03-29 19:51:53,991] INFO [blog.models.comment_list:145 models] get article comments:19
[2023-03-29 19:52:01,681] INFO [blog.models.comment_list:145 models] get article comments:19
[2023-03-29 19:52:10,163] INFO [blog.models.comment_list:145 models] get article comments:19
[2023-03-29 19:52:12,397] INFO [blog.models.comment_list:145 models] get article comments:19
[2023-03-29 19:52:14,704] INFO [blog.views.get_queryset_from_cache:67 views] get view cache.key:index_1
[2023-03-29 19:52:17,969] INFO [blog.models.comment_list:145 models] get article comments:19
[2023-03-29 21:11:34,015] INFO [blog.views.get_queryset_from_cache:67 views] get view cache.key:index_1
[2023-03-29 21:11:39,366] INFO [blog.views.get_queryset_from_cache:67 views] get view cache.key:archives
[2023-03-29 21:11:40,019] INFO [blog.views.get_queryset_from_cache:67 views] get view cache.key:category_list_我是父类目_1
[2023-03-29 21:11:42,877] INFO [blog.views.get_queryset_from_cache:67 views] get view cache.key:category_list_我是父类目_1
[2023-03-29 21:11:49,274] INFO [blog.views.get_queryset_from_cache:72 views] set view cache.key:tag_标签_1
[2023-03-30 13:20:08,223] INFO [django.utils.autoreload.run_with_reloader:677 autoreload] Watching for file changes with StatReloader
[2023-03-30 13:20:21,518] INFO [blog.context_processors.seo_processor:17 context_processors] set processor cache.
[2023-03-30 13:20:21,522] INFO [djangoblog.utils.get_blog_setting:169 utils] set cache get_blog_setting
[2023-03-30 13:20:21,522] INFO [djangoblog.utils.get_blog_setting:169 utils] set cache get_blog_setting
[2023-03-30 13:20:28,559] INFO [blog.views.get_queryset_from_cache:72 views] set view cache.key:index_1
[2023-03-30 13:20:28,786] INFO [blog.templatetags.blog_tags.load_sidebar:132 blog_tags] load sidebar
[2023-03-30 13:20:28,824] INFO [blog.templatetags.blog_tags.load_sidebar:176 blog_tags] set sidebar cache.key:sidebari
[2023-03-30 13:22:36,423] INFO [blog.views.get_queryset_from_cache:67 views] get view cache.key:index_1
[2023-03-30 13:36:03,989] INFO [django.utils.autoreload.run_with_reloader:677 autoreload] Watching for file changes with StatReloader
[2023-03-30 13:36:08,639] INFO [blog.context_processors.seo_processor:17 context_processors] set processor cache.
[2023-03-30 13:36:08,642] INFO [djangoblog.utils.get_blog_setting:169 utils] set cache get_blog_setting
[2023-03-30 13:36:08,642] INFO [djangoblog.utils.get_blog_setting:169 utils] set cache get_blog_setting
[2023-03-31 09:59:46,096] INFO [blog.context_processors.seo_processor:17 context_processors] set processor cache.
[2023-03-31 09:59:46,100] INFO [djangoblog.utils.get_blog_setting:169 utils] set cache get_blog_setting
[2023-03-31 09:59:46,100] INFO [djangoblog.utils.get_blog_setting:169 utils] set cache get_blog_setting
